[55528:0711/183128.322916:ERROR:buffer_manager.cc(488)] [.DisplayCompositor]GL ERROR :GL_INVALID_OPERATION : glBufferData: <- error from previous GL command
(electron) 'setZoomLevel function' is deprecated and will be removed. Please use 'zoomLevel property' instead.
(electron) 'getZoomLevel function' is deprecated and will be removed. Please use 'zoomLevel property' instead.
Error occurred in handler for 'keychain:get-password': [Error: The name org.freedesktop.secrets was not provided by any .service files]
Error occurred in handler for 'keychain:get-password': [Error: The name org.freedesktop.secrets was not provided by any .service files]
Error occurred in handler for 'keychain:delete-password': [Error: The name org.freedesktop.secrets was not provided by any .service files]
Error occurred in handler for 'keychain:delete-password': [Error: The name org.freedesktop.secrets was not provided by any .service files]
Error occurred in handler for 'keychain:get-password': [Error: The name org.freedesktop.secrets was not provided by any .service files]
Error occurred in handler for 'wam-auth:clear-token-cache': No handler registered for 'wam-auth:clear-token-cache'
Error occurred in handler for 'keychain:delete-password': [Error: The name org.freedesktop.secrets was not provided by any .service files]
Error occurred in handler for 'keychain:delete-password': [Error: The name org.freedesktop.secrets was not provided by any .service files]
(electron) 'setResizable function' is deprecated and will be removed. Please use 'resizable property' instead.
(electron) 'setMaximizable function' is deprecated and will be removed. Please use 'maximizable property' instead.
Error occurred in handler for 'keychain:get-password': [Error: The name org.freedesktop.secrets was not provided by any .service files]
Error occurred in handler for 'keychain:get-password': [Error: The name org.freedesktop.secrets was not provided by any .service files]
Error occurred in handler for 'keychain:get-password': [Error: The name org.freedesktop.secrets was not provided by any .service files]
Error occurred in handler for 'keychain:get-password': [Error: The name org.freedesktop.secrets was not provided by any .service files]
Error occurred in handler for 'keychain:delete-password': [Error: The name org.freedesktop.secrets was not provided by any .service files]
Error occurred in handler for 'keychain:set-password': [Error: The name org.freedesktop.secrets was not provided by any .service files]
Error occurred in handler for 'keychain:set-password': [Error: The name org.freedesktop.secrets was not provided by any .service files]
Error occurred in handler for 'keychain:delete-password': [Error: The name org.freedesktop.secrets was not provided by any .service files]
Error occurred in handler for 'keychain:delete-password': [Error: The name org.freedesktop.secrets was not provided by any .service files]
Error occurred in handler for 'keychain:get-password': [Error: The name org.freedesktop.secrets was not provided by any .service files]
ioctl failed for wlan0, errno = 19 (No such device)
ioctl failed for wlp2s0, errno = 19 (No such device)
[55528:0711/183310.134260:ERROR:buffer_manager.cc(488)] [.DisplayCompositor]GL ERROR :GL_INVALID_OPERATION : glBufferData: <- error from previous GL command
[55528:0711/183312.679890:ERROR:buffer_manager.cc(488)] [.DisplayCompositor]GL ERROR :GL_INVALID_OPERATION : glBufferData: <- error from previous GL command
