[2020-07-11 20:23:02.786] [exthost] [info] extension host started
[2020-07-11 20:23:02.861] [exthost] [info] ExtensionService#_doActivateExtension vscode.emmet {"startup":false,"extensionId":{"value":"vscode.emmet","_lower":"vscode.emmet"},"activationEvent":"onLanguage:html"}
[2020-07-11 20:23:02.862] [exthost] [info] ExtensionService#loadCommonJSModule file:///usr/lib/code/extensions/emmet/dist/extension
[2020-07-11 20:23:02.885] [exthost] [info] ExtensionService#_doActivateExtension vscode.html-language-features {"startup":false,"extensionId":{"value":"vscode.html-language-features","_lower":"vscode.html-language-features"},"activationEvent":"onLanguage:html"}
[2020-07-11 20:23:02.885] [exthost] [info] ExtensionService#loadCommonJSModule file:///usr/lib/code/extensions/html-language-features/client/dist/node/htmlClientMain
[2020-07-11 20:23:02.912] [exthost] [info] ExtensionService#_doActivateExtension vscode.debug-auto-launch {"startup":true,"extensionId":{"value":"vscode.debug-auto-launch","_lower":"vscode.debug-auto-launch"},"activationEvent":"*"}
[2020-07-11 20:23:02.912] [exthost] [info] ExtensionService#loadCommonJSModule file:///usr/lib/code/extensions/debug-auto-launch/dist/extension
[2020-07-11 20:23:02.916] [exthost] [info] ExtensionService#_doActivateExtension vscode.git {"startup":true,"extensionId":{"value":"vscode.github","_lower":"vscode.github"},"activationEvent":"*"}
[2020-07-11 20:23:02.916] [exthost] [info] ExtensionService#loadCommonJSModule file:///usr/lib/code/extensions/git/dist/main
[2020-07-11 20:23:02.963] [exthost] [info] ExtensionService#_doActivateExtension vscode.github-authentication {"startup":true,"extensionId":{"value":"vscode.github-authentication","_lower":"vscode.github-authentication"},"activationEvent":"*"}
[2020-07-11 20:23:02.963] [exthost] [info] ExtensionService#loadCommonJSModule file:///usr/lib/code/extensions/github-authentication/dist/extension.js
[2020-07-11 20:23:02.977] [exthost] [info] ExtensionService#_doActivateExtension vscode.merge-conflict {"startup":true,"extensionId":{"value":"vscode.merge-conflict","_lower":"vscode.merge-conflict"},"activationEvent":"*"}
[2020-07-11 20:23:02.977] [exthost] [info] ExtensionService#loadCommonJSModule file:///usr/lib/code/extensions/merge-conflict/dist/mergeConflictMain
[2020-07-11 20:23:02.986] [exthost] [info] ExtensionService#_doActivateExtension vscode.microsoft-authentication {"startup":true,"extensionId":{"value":"vscode.microsoft-authentication","_lower":"vscode.microsoft-authentication"},"activationEvent":"*"}
[2020-07-11 20:23:02.986] [exthost] [info] ExtensionService#loadCommonJSModule file:///usr/lib/code/extensions/microsoft-authentication/dist/extension.js
[2020-07-11 20:23:02.998] [exthost] [info] ExtensionService#_doActivateExtension vscode.search-result {"startup":true,"extensionId":{"value":"vscode.search-result","_lower":"vscode.search-result"},"activationEvent":"*"}
[2020-07-11 20:23:02.998] [exthost] [info] ExtensionService#loadCommonJSModule file:///usr/lib/code/extensions/search-result/dist/extension.js
[2020-07-11 20:23:03.120] [exthost] [info] ExtensionService#_doActivateExtension vscode.github {"startup":true,"extensionId":{"value":"vscode.github","_lower":"vscode.github"},"activationEvent":"*"}
[2020-07-11 20:23:03.120] [exthost] [info] ExtensionService#loadCommonJSModule file:///usr/lib/code/extensions/github/dist/extension.js
[2020-07-11 20:23:03.146] [exthost] [info] eager extensions activated
[2020-07-11 20:23:20.950] [exthost] [info] extension host started
[2020-07-11 20:23:20.956] [exthost] [info] ExtensionService#_doActivateExtension vscode.debug-auto-launch {"startup":true,"extensionId":{"value":"vscode.debug-auto-launch","_lower":"vscode.debug-auto-launch"},"activationEvent":"*"}
[2020-07-11 20:23:20.956] [exthost] [info] ExtensionService#loadCommonJSModule file:///usr/lib/code/extensions/debug-auto-launch/dist/extension
[2020-07-11 20:23:20.958] [exthost] [info] ExtensionService#_doActivateExtension vscode.emmet {"startup":true,"extensionId":{"value":"vscode.emmet","_lower":"vscode.emmet"},"activationEvent":"*"}
[2020-07-11 20:23:20.958] [exthost] [info] ExtensionService#loadCommonJSModule file:///usr/lib/code/extensions/emmet/dist/extension
[2020-07-11 20:23:20.969] [exthost] [info] ExtensionService#_doActivateExtension vscode.git {"startup":true,"extensionId":{"value":"vscode.github","_lower":"vscode.github"},"activationEvent":"*"}
[2020-07-11 20:23:20.969] [exthost] [info] ExtensionService#loadCommonJSModule file:///usr/lib/code/extensions/git/dist/main
[2020-07-11 20:23:20.987] [exthost] [info] ExtensionService#_doActivateExtension vscode.github-authentication {"startup":true,"extensionId":{"value":"vscode.github-authentication","_lower":"vscode.github-authentication"},"activationEvent":"*"}
[2020-07-11 20:23:20.987] [exthost] [info] ExtensionService#loadCommonJSModule file:///usr/lib/code/extensions/github-authentication/dist/extension.js
[2020-07-11 20:23:20.991] [exthost] [info] ExtensionService#_doActivateExtension vscode.merge-conflict {"startup":true,"extensionId":{"value":"vscode.merge-conflict","_lower":"vscode.merge-conflict"},"activationEvent":"*"}
[2020-07-11 20:23:20.991] [exthost] [info] ExtensionService#loadCommonJSModule file:///usr/lib/code/extensions/merge-conflict/dist/mergeConflictMain
[2020-07-11 20:23:20.993] [exthost] [info] ExtensionService#_doActivateExtension vscode.microsoft-authentication {"startup":true,"extensionId":{"value":"vscode.microsoft-authentication","_lower":"vscode.microsoft-authentication"},"activationEvent":"*"}
[2020-07-11 20:23:20.993] [exthost] [info] ExtensionService#loadCommonJSModule file:///usr/lib/code/extensions/microsoft-authentication/dist/extension.js
[2020-07-11 20:23:20.996] [exthost] [info] ExtensionService#_doActivateExtension vscode.search-result {"startup":true,"extensionId":{"value":"vscode.search-result","_lower":"vscode.search-result"},"activationEvent":"*"}
[2020-07-11 20:23:20.996] [exthost] [info] ExtensionService#loadCommonJSModule file:///usr/lib/code/extensions/search-result/dist/extension.js
[2020-07-11 20:23:20.998] [exthost] [info] ExtensionService#_doActivateExtension vscode.npm {"startup":true,"extensionId":{"value":"vscode.npm","_lower":"vscode.npm"},"activationEvent":"workspaceContains:package.json"}
[2020-07-11 20:23:20.998] [exthost] [info] ExtensionService#loadCommonJSModule file:///usr/lib/code/extensions/npm/dist/npmMain
[2020-07-11 20:23:21.062] [exthost] [info] ExtensionService#_doActivateExtension vscode.github {"startup":true,"extensionId":{"value":"vscode.github","_lower":"vscode.github"},"activationEvent":"*"}
[2020-07-11 20:23:21.062] [exthost] [info] ExtensionService#loadCommonJSModule file:///usr/lib/code/extensions/github/dist/extension.js
[2020-07-11 20:23:21.121] [exthost] [info] eager extensions activated
[2020-07-11 20:23:29.422] [exthost] [info] ExtensionService#_doActivateExtension vscode.configuration-editing {"startup":false,"extensionId":{"value":"vscode.configuration-editing","_lower":"vscode.configuration-editing"},"activationEvent":"onLanguage:jsonc"}
[2020-07-11 20:23:29.422] [exthost] [info] ExtensionService#loadCommonJSModule file:///usr/lib/code/extensions/configuration-editing/dist/configurationEditingMain
[2020-07-11 20:23:29.426] [exthost] [info] ExtensionService#_doActivateExtension vscode.json-language-features {"startup":false,"extensionId":{"value":"vscode.json-language-features","_lower":"vscode.json-language-features"},"activationEvent":"onLanguage:jsonc"}
[2020-07-11 20:23:29.426] [exthost] [info] ExtensionService#loadCommonJSModule file:///usr/lib/code/extensions/json-language-features/client/dist/node/jsonClientMain
[2020-07-11 20:23:29.484] [exthost] [info] ExtensionService#_doActivateExtension vscode.typescript-language-features {"startup":false,"extensionId":{"value":"vscode.typescript-language-features","_lower":"vscode.typescript-language-features"},"activationEvent":"onLanguage:jsonc"}
[2020-07-11 20:23:29.484] [exthost] [info] ExtensionService#loadCommonJSModule file:///usr/lib/code/extensions/typescript-language-features/dist/extension
[2020-07-11 20:24:13.299] [exthost] [info] ExtensionService#_doActivateExtension vscode.extension-editing {"startup":false,"extensionId":{"value":"vscode.extension-editing","_lower":"vscode.extension-editing"},"activationEvent":"onLanguage:json"}
[2020-07-11 20:24:13.299] [exthost] [info] ExtensionService#loadCommonJSModule file:///usr/lib/code/extensions/extension-editing/dist/extension
[2020-07-11 20:24:13.309] [exthost] [info] ExtensionService#_doActivateExtension ms-vscode.js-debug {"startup":false,"extensionId":{"value":"ms-vscode.js-debug","_lower":"ms-vscode.js-debug"},"activationEvent":"onLanguage:json"}
[2020-07-11 20:24:13.309] [exthost] [info] ExtensionService#loadCommonJSModule file:///usr/lib/code/extensions/ms-vscode.js-debug/src/extension.js
[2020-07-11 20:24:17.229] [exthost] [error] [vscode.json-language-features] provider FAILED
[2020-07-11 20:24:17.231] [exthost] [error] Canceled: Canceled
	at _.makeCancelError (/usr/lib/code/extensions/json-language-features/client/dist/node/jsonClientMain.js:1:60830)
	at _.handleFailedRequest (/usr/lib/code/extensions/json-language-features/client/dist/node/jsonClientMain.js:1:60684)
	at /usr/lib/code/extensions/json-language-features/client/dist/node/jsonClientMain.js:1:23462
[2020-07-11 20:24:17.231] [exthost] [error] [vscode.json-language-features] provider FAILED
[2020-07-11 20:24:17.232] [exthost] [error] Canceled: Canceled
	at _.makeCancelError (/usr/lib/code/extensions/json-language-features/client/dist/node/jsonClientMain.js:1:60830)
	at _.handleFailedRequest (/usr/lib/code/extensions/json-language-features/client/dist/node/jsonClientMain.js:1:60684)
	at /usr/lib/code/extensions/json-language-features/client/dist/node/jsonClientMain.js:1:23462
	at runNextTicks (internal/process/task_queues.js:58:5)
	at processImmediate (internal/timers.js:412:9)
[2020-07-11 20:34:09.318] [exthost] [info] ExtensionService#_doActivateExtension vscode.html-language-features {"startup":false,"extensionId":{"value":"vscode.html-language-features","_lower":"vscode.html-language-features"},"activationEvent":"onLanguage:html"}
[2020-07-11 20:34:09.318] [exthost] [info] ExtensionService#loadCommonJSModule file:///usr/lib/code/extensions/html-language-features/client/dist/node/htmlClientMain
